\BOOKMARK [0][-]{chapter*.2}{Remerciements}{}% 1
\BOOKMARK [0][-]{chapter*.6}{Introduction}{}% 2
\BOOKMARK [0][-]{chapter.1}{Contexte et Probl\351matique}{}% 3
\BOOKMARK [1][-]{section.1.1}{MeFoSyloMa}{chapter.1}% 4
\BOOKMARK [1][-]{section.1.2}{Organisation de CosyVerif}{chapter.1}% 5
\BOOKMARK [1][-]{section.1.3}{Pr\351sentation des organismes d'accueil}{chapter.1}% 6
\BOOKMARK [2][-]{subsection.1.3.1}{LIPN}{section.1.3}% 7
\BOOKMARK [2][-]{subsection.1.3.2}{LSV}{section.1.3}% 8
\BOOKMARK [1][-]{section.1.4}{\311tat actuel du projet}{chapter.1}% 9
\BOOKMARK [2][-]{subsection.1.4.1}{Probl\350mes identifi\351s}{section.1.4}% 10
\BOOKMARK [1][-]{section.1.5}{Sujet du stage}{chapter.1}% 11
\BOOKMARK [2][-]{subsection.1.5.1}{Que doit offrir la future plate-forme ?}{section.1.5}% 12
\BOOKMARK [2][-]{subsection.1.5.2}{Exigences de l'encadrement}{section.1.5}% 13
\BOOKMARK [2][-]{subsection.1.5.3}{Axes de ma contribution sur la future plate-forme}{section.1.5}% 14
\BOOKMARK [0][-]{chapter.2}{Conception et r\351alisation du serveur}{}% 15
\BOOKMARK [1][-]{section.2.1}{Ressources}{chapter.2}% 16
\BOOKMARK [2][-]{subsection.2.1.1}{Organisation de ressources}{section.2.1}% 17
\BOOKMARK [2][-]{subsection.2.1.2}{Protection des ressources}{section.2.1}% 18
\BOOKMARK [1][-]{section.2.2}{D\351finition de l'architecture et du protocole}{chapter.2}% 19
\BOOKMARK [2][-]{subsection.2.2.1}{URIs}{section.2.2}% 20
\BOOKMARK [2][-]{subsection.2.2.2}{Repr\351sentation de ressources}{section.2.2}% 21
\BOOKMARK [2][-]{subsection.2.2.3}{M\351thodes et codes de statut}{section.2.2}% 22
\BOOKMARK [1][-]{section.2.3}{Etude technique}{chapter.2}% 23
\BOOKMARK [1][-]{section.2.4}{Mise en oeuvre}{chapter.2}% 24
\BOOKMARK [2][-]{subsection.2.4.1}{Description des diff\351rents modules du d\351p\364t}{section.2.4}% 25
\BOOKMARK [2][-]{subsection.2.4.2}{Description de l'environnement de d\351veloppement}{section.2.4}% 26
\BOOKMARK [2][-]{subsection.2.4.3}{Tests}{section.2.4}% 27
\BOOKMARK [2][-]{subsection.2.4.4}{Bilan}{section.2.4}% 28
\BOOKMARK [2][-]{subsection.2.4.5}{Perspective}{section.2.4}% 29
\BOOKMARK [0][-]{chapter.3}{Conception et r\351alisation de l'interface web}{}% 30
\BOOKMARK [1][-]{section.3.1}{Pr\351sentation}{chapter.3}% 31
\BOOKMARK [1][-]{section.3.2}{D\351finition de l'architecture}{chapter.3}% 32
\BOOKMARK [1][-]{section.3.3}{Etude technique}{chapter.3}% 33
\BOOKMARK [1][-]{section.3.4}{Mise en oeuvre}{chapter.3}% 34
\BOOKMARK [2][-]{subsection.3.4.1}{Exemples d'\351cran de sortie}{section.3.4}% 35
\BOOKMARK [2][-]{subsection.3.4.2}{Bilan}{section.3.4}% 36
\BOOKMARK [2][-]{subsection.3.4.3}{Perspective}{section.3.4}% 37
\BOOKMARK [0][-]{chapter*.76}{Conclusion}{}% 38
\BOOKMARK [0][-]{chapter*.77}{Annexes}{}% 39
\BOOKMARK [1][-]{section.3.5}{Webographie}{chapter*.77}% 40
